{"C:\\Users\\jakew\\source\\repos\\RedditBot\\src\\controllers\\reddit.controller.ts": {"path":"C:\\Users\\jakew\\source\\repos\\RedditBot\\src\\controllers\\reddit.controller.ts","statementMap":{"0":{"start":{"line":1,"column":0},"end":{"line":1,"column":26}},"1":{"start":{"line":2,"column":0},"end":{"line":2,"column":68}},"2":{"start":{"line":5,"column":23},"end":{"line":9,"column":2}},"3":{"start":{"line":13,"column":9},"end":{"line":15,"column":4}},"4":{"start":{"line":14,"column":4},"end":{"line":14,"column":16}},"5":{"start":{"line":18,"column":9},"end":{"line":39,"column":4}},"6":{"start":{"line":20,"column":20},"end":{"line":20,"column":101}},"7":{"start":{"line":21,"column":24},"end":{"line":23,"column":6}},"8":{"start":{"line":25,"column":18},"end":{"line":25,"column":20}},"9":{"start":{"line":26,"column":4},"end":{"line":36,"column":null}},"10":{"start":{"line":26,"column":17},"end":{"line":26,"column":18}},"11":{"start":{"line":27,"column":19},"end":{"line":27,"column":47}},"12":{"start":{"line":28,"column":6},"end":{"line":28,"column":52}},"13":{"start":{"line":29,"column":28},"end":{"line":34,"column":8}},"14":{"start":{"line":35,"column":6},"end":{"line":35,"column":59}},"15":{"start":{"line":35,"column":42},"end":{"line":35,"column":59}},"16":{"start":{"line":42,"column":9},"end":{"line":48,"column":4}},"17":{"start":{"line":43,"column":19},"end":{"line":43,"column":100}},"18":{"start":{"line":44,"column":18},"end":{"line":46,"column":6}},"19":{"start":{"line":47,"column":4},"end":{"line":47,"column":59}},"20":{"start":{"line":49,"column":9},"end":{"line":58,"column":4}},"21":{"start":{"line":50,"column":4},"end":{"line":57,"column":null}},"22":{"start":{"line":51,"column":21},"end":{"line":51,"column":98}},"23":{"start":{"line":54,"column":6},"end":{"line":54,"column":87}},"24":{"start":{"line":54,"column":43},"end":{"line":54,"column":85}},"25":{"start":{"line":56,"column":6},"end":{"line":56,"column":26}},"26":{"start":{"line":59,"column":9},"end":{"line":66,"column":4}},"27":{"start":{"line":60,"column":4},"end":{"line":65,"column":null}},"28":{"start":{"line":62,"column":8},"end":{"line":62,"column":42}},"29":{"start":{"line":64,"column":8},"end":{"line":64,"column":43}},"30":{"start":{"line":68,"column":0},"end":{"line":68,"column":32}}},"fnMap":{"0":{"name":"(anonymous_8)","decl":{"start":{"line":11,"column":0},"end":{"line":11,"column":6}},"loc":{"start":{"line":11,"column":0},"end":{"line":67,"column":1}}},"1":{"name":"(anonymous_9)","decl":{"start":{"line":13,"column":22},"end":{"line":13,"column":38}},"loc":{"start":{"line":13,"column":69},"end":{"line":15,"column":4}}},"2":{"name":"(anonymous_11)","decl":{"start":{"line":18,"column":24},"end":{"line":18,"column":40}},"loc":{"start":{"line":18,"column":56},"end":{"line":39,"column":4}}},"3":{"name":"(anonymous_13)","decl":{"start":{"line":42,"column":25},"end":{"line":42,"column":41}},"loc":{"start":{"line":42,"column":57},"end":{"line":48,"column":4}}},"4":{"name":"(anonymous_15)","decl":{"start":{"line":49,"column":24},"end":{"line":49,"column":null}},"loc":{"start":{"line":49,"column":24},"end":{"line":58,"column":4}}},"5":{"name":"(anonymous_17)","decl":{"start":{"line":54,"column":36},"end":{"line":54,"column":37}},"loc":{"start":{"line":54,"column":43},"end":{"line":54,"column":85}}},"6":{"name":"(anonymous_18)","decl":{"start":{"line":59,"column":24},"end":{"line":59,"column":40}},"loc":{"start":{"line":59,"column":56},"end":{"line":66,"column":4}}}},"branchMap":{"0":{"loc":{"start":{"line":35,"column":6},"end":{"line":35,"column":59}},"type":"if","locations":[{"start":{"line":35,"column":6},"end":{"line":35,"column":59}}]},"1":{"loc":{"start":{"line":60,"column":4},"end":{"line":65,"column":null}},"type":"switch","locations":[{"start":{"line":61,"column":6},"end":{"line":62,"column":42}},{"start":{"line":63,"column":6},"end":{"line":64,"column":43}}]}},"s":{"0":1,"1":1,"2":1,"3":1,"4":1,"5":1,"6":0,"7":0,"8":0,"9":0,"10":0,"11":0,"12":0,"13":0,"14":0,"15":0,"16":1,"17":0,"18":0,"19":0,"20":1,"21":0,"22":0,"23":0,"24":0,"25":0,"26":1,"27":0,"28":0,"29":0,"30":1},"f":{"0":1,"1":1,"2":0,"3":0,"4":0,"5":0,"6":0},"b":{"0":[0],"1":[0,0]}}
,"C:\\Users\\jakew\\source\\repos\\RedditBot\\src\\interfaces\\music.interface.ts": {"path":"C:\\Users\\jakew\\source\\repos\\RedditBot\\src\\interfaces\\music.interface.ts","statementMap":{"0":{"start":{"line":1,"column":0},"end":{"line":1,"column":null}},"1":{"start":{"line":2,"column":2},"end":{"line":2,"column":null}},"2":{"start":{"line":3,"column":2},"end":{"line":3,"column":null}}},"fnMap":{"0":{"name":"(anonymous_0)","decl":{"start":{"line":1,"column":0},"end":{"line":1,"column":12}},"loc":{"start":{"line":1,"column":22},"end":{"line":4,"column":1}}}},"branchMap":{"0":{"loc":{"start":{"line":1,"column":12},"end":{"line":1,"column":null}},"type":"binary-expr","locations":[{"start":{"line":1,"column":12},"end":{"line":1,"column":22}},{"start":{"line":1,"column":12},"end":{"line":1,"column":null}}]}},"s":{"0":1,"1":1,"2":1},"f":{"0":1},"b":{"0":[1,1]}}
}
