TN:
SF:src\controllers\reddit.controller.ts
FN:11,(anonymous_8)
FN:13,(anonymous_9)
FN:18,(anonymous_11)
FN:42,(anonymous_13)
FN:49,(anonymous_15)
FN:54,(anonymous_17)
FN:59,(anonymous_18)
FNF:7
FNH:2
FNDA:1,(anonymous_8)
FNDA:1,(anonymous_9)
FNDA:0,(anonymous_11)
FNDA:0,(anonymous_13)
FNDA:0,(anonymous_15)
FNDA:0,(anonymous_17)
FNDA:0,(anonymous_18)
DA:1,1
DA:2,1
DA:5,1
DA:13,1
DA:14,1
DA:18,1
DA:20,0
DA:21,0
DA:25,0
DA:26,0
DA:27,0
DA:28,0
DA:29,0
DA:35,0
DA:42,1
DA:43,0
DA:44,0
DA:47,0
DA:49,1
DA:50,0
DA:51,0
DA:54,0
DA:56,0
DA:59,1
DA:60,0
DA:62,0
DA:64,0
DA:68,1
LF:28
LH:10
BRDA:35,0,0,0
BRDA:60,1,0,0
BRDA:60,1,1,0
BRF:3
BRH:0
end_of_record
TN:
SF:src\interfaces\music.interface.ts
FN:1,(anonymous_0)
FNF:1
FNH:1
FNDA:1,(anonymous_0)
DA:1,1
DA:2,1
DA:3,1
LF:3
LH:3
BRDA:1,0,0,1
BRDA:1,0,1,1
BRF:2
BRH:2
end_of_record
